2025-07-09 11:34:02 - [36mℹ INFO:(B[m Detecting installed packages and settings...
2025-07-09 11:34:04 - [32m✓ SUCCESS:(B[m Detection completed
2025-07-09 11:34:17 - [36mℹ INFO:(B[m Detecting installed packages and settings...
2025-07-09 11:34:18 - [32m✓ SUCCESS:(B[m Detection completed
2025-07-09 11:34:24 - [32m✓ SUCCESS:(B[m Backup created: ghostly_20250709113424
2025-07-09 11:34:34 - [36mℹ INFO:(B[m Setting up package monitoring...
2025-07-09 11:34:39 - [32m✓ SUCCESS:(B[m Monitoring enabled (runs hourly)
2025-07-09 11:35:01 - [36mℹ INFO:(B[m Available backups:
2025-07-09 21:54:59 - [36mℹ INFO:(B[m Available backups:
2025-07-09 21:55:16 - [36mℹ INFO:(B[m Current package state:
2025-07-10 13:17:27 - [36mℹ INFO:(B[m Detecting installed packages and settings...
2025-07-10 13:17:28 - [32m✓ SUCCESS:(B[m Detection completed
2025-07-10 13:17:35 - [32m✓ SUCCESS:(B[m Backup created: ghostly_20250710131735
2025-07-10 13:17:52 - [36mℹ INFO:(B[m Setting up package monitoring...
2025-07-10 13:17:58 - [32m✓ SUCCESS:(B[m Monitoring enabled (runs hourly)
[32m✓ Detected and saved package states.(B[m
[32m✓ Detected and saved package states.(B[m
2025-07-11 12:27:18 - ERROR: Specify manager: package (e.g., apt:neovim)
2025-07-11 12:27:41 - INFO: Installing btop via apt
2025-07-11 12:53:48 - [36mℹ INFO:(B[m Detecting installed packages and settings...
2025-07-11 12:53:49 - [32m✓ SUCCESS:(B[m Detection completed
2025-07-11 12:54:08 - [36mℹ INFO:(B[m Detecting installed packages and settings...
2025-07-11 12:54:10 - [32m✓ SUCCESS:(B[m Detection completed
2025-07-11 12:54:28 - [32m✓ SUCCESS:(B[m Backup created: ghostly_20250711125428
2025-07-11 12:54:41 - [36mℹ INFO:(B[m Setting up package monitoring...
2025-07-11 12:54:47 - [32m✓ SUCCESS:(B[m Monitoring enabled (runs hourly)
2025-07-11 12:55:08 - [36mℹ INFO:(B[m Available backups:
2025-07-11 12:55:21 - [36mℹ INFO:(B[m Current package state:
2025-07-11 13:08:33 - [36mℹ INFO:(B[m Current package state:
2025-07-11 13:09:16 - [36mℹ INFO:(B[m Detecting installed packages and settings...
2025-07-11 13:09:17 - [32m✓ SUCCESS:(B[m Detection completed
2025-07-11 13:09:21 - [36mℹ INFO:(B[m Current package state:
2025-07-11 13:10:27 - [36mℹ INFO:(B[m Available backups:
2025-07-11 13:10:48 - [32m✓ SUCCESS:(B[m Backup created: ghostly_20250711131048
2025-07-11 13:10:58 - [36mℹ INFO:(B[m Available backups:
2025-07-11 13:13:39 - [36mℹ INFO:(B[m Available backups:
2025-07-11 13:13:58 - [31m✗ ERROR:(B[m Unknown option: diff
2025-07-11 15:57:56 - [36mℹ INFO:(B[m Available backups:
